# JRE version: Java(TM) SE Runtime Environment (24.0+36) (build 24+36-3646)
# Java VM: Java HotSpot(TM) 64-Bit Server VM (24+36-3646, mixed mode, sharing, tiered, compressed oops, compressed class ptrs, g1 gc, windows-amd64)
GC Precious Log:
 CardTable entry size: 512
 Card Set container configuration: InlinePtr #cards 5 size 8 Array Of Cards #cards 10 size 36 Howl #buckets 4 coarsen threshold 1843 Howl Bitmap #cards 512 size 80 coarsen threshold 460 Card regions per heap region 1 cards per card region 2048
 CPUs: 8 total, 8 available
 Memory: 3784M
 Large Page Support: Disabled
 NUMA Support: Disabled
 Compressed Oops: Enabled (32-bit)
 Heap Region Size: 1M
 Heap Min Capacity: 8M
 Heap Initial Capacity: 60M
 Heap Max Capacity: 948M
 Pre-touch: Disabled
 Parallel Workers: 8
 Concurrent Workers: 2
 Concurrent Refinement Workers: 8
 Periodic GC: Disabled
Heap:
 garbage-first heap   total reserved 970752K, committed 270336K, used 145547K [0x00000000c4c00000, 0x0000000100000000)
  region size 1024K, 52 young (53248K), 4 survivors (4096K)
 Metaspace       used 84594K, committed 85376K, reserved 1179648K
  class space    used 8986K, committed 9408K, reserved 1048576K
GC Heap History (20 events):
Event: 2260.204 GC heap before
{Heap before GC invocations=67 (full 0):
 garbage-first heap   total reserved 970752K, committed 116736K, used 102400K [0x00000000c4c00000, 0x0000000100000000)
  region size 1024K, 13 young (13312K), 3 survivors (3072K)
 Metaspace       used 84384K, committed 85248K, reserved 1179648K
  class space    used 8984K, committed 9408K, reserved 1048576K
}
Event: 2260.225 GC heap after
{Heap after GC invocations=68 (full 0):
 garbage-first heap   total reserved 970752K, committed 116736K, used 95417K [0x00000000c4c00000, 0x0000000100000000)
  region size 1024K, 2 young (2048K), 2 survivors (2048K)
 Metaspace       used 84384K, committed 85248K, reserved 1179648K
  class space    used 8984K, committed 9408K, reserved 1048576K
}
Event: 2320.589 GC heap before
{Heap before GC invocations=69 (full 0):
 garbage-first heap   total reserved 970752K, committed 135168K, used 89273K [0x00000000c4c00000, 0x0000000100000000)
  region size 1024K, 11 young (11264K), 2 survivors (2048K)
 Metaspace       used 84400K, committed 85248K, reserved 1179648K
  class space    used 8984K, committed 9408K, reserved 1048576K
}
Event: 2320.650 GC heap after
{Heap after GC invocations=70 (full 0):
 garbage-first heap   total reserved 970752K, committed 135168K, used 84296K [0x00000000c4c00000, 0x0000000100000000)
  region size 1024K, 2 young (2048K), 2 survivors (2048K)
 Metaspace       used 84400K, committed 85248K, reserved 1179648K
  class space    used 8984K, committed 9408K, reserved 1048576K
}
Event: 2321.400 GC heap before
{Heap before GC invocations=70 (full 0):
 garbage-first heap   total reserved 970752K, committed 135168K, used 110920K [0x00000000c4c00000, 0x0000000100000000)
  region size 1024K, 28 young (28672K), 2 survivors (2048K)
 Metaspace       used 84401K, committed 85248K, reserved 1179648K
  class space    used 8984K, committed 9408K, reserved 1048576K
}
Event: 2321.468 GC heap after
{Heap after GC invocations=71 (full 0):
 garbage-first heap   total reserved 970752K, committed 135168K, used 82944K [0x00000000c4c00000, 0x0000000100000000)
  region size 1024K, 4 young (4096K), 4 survivors (4096K)
 Metaspace       used 84401K, committed 85248K, reserved 1179648K
  class space    used 8984K, committed 9408K, reserved 1048576K
}
Event: 2322.220 GC heap before
{Heap before GC invocations=71 (full 0):
 garbage-first heap   total reserved 970752K, committed 135168K, used 107520K [0x00000000c4c00000, 0x0000000100000000)
  region size 1024K, 29 young (29696K), 4 survivors (4096K)
 Metaspace       used 84409K, committed 85248K, reserved 1179648K
  class space    used 8984K, committed 9408K, reserved 1048576K
}
Event: 2322.278 GC heap after
{Heap after GC invocations=72 (full 0):
 garbage-first heap   total reserved 970752K, committed 270336K, used 83968K [0x00000000c4c00000, 0x0000000100000000)
  region size 1024K, 4 young (4096K), 4 survivors (4096K)
 Metaspace       used 84409K, committed 85248K, reserved 1179648K
  class space    used 8984K, committed 9408K, reserved 1048576K
}
Event: 2328.184 GC heap before
{Heap before GC invocations=72 (full 0):
 garbage-first heap   total reserved 970752K, committed 270336K, used 177152K [0x00000000c4c00000, 0x0000000100000000)
  region size 1024K, 96 young (98304K), 4 survivors (4096K)
 Metaspace       used 84429K, committed 85248K, reserved 1179648K
  class space    used 8985K, committed 9408K, reserved 1048576K
}
Event: 2328.284 GC heap after
{Heap after GC invocations=73 (full 0):
 garbage-first heap   total reserved 970752K, committed 270336K, used 114688K [0x00000000c4c00000, 0x0000000100000000)
  region size 1024K, 12 young (12288K), 12 survivors (12288K)
 Metaspace       used 84429K, committed 85248K, reserved 1179648K
  class space    used 8985K, committed 9408K, reserved 1048576K
}
Event: 2366.569 GC heap before
{Heap before GC invocations=73 (full 0):
 garbage-first heap   total reserved 970752K, committed 270336K, used 161792K [0x00000000c4c00000, 0x0000000100000000)
  region size 1024K, 58 young (59392K), 12 survivors (12288K)
 Metaspace       used 84471K, committed 85248K, reserved 1179648K
  class space    used 8985K, committed 9408K, reserved 1048576K
}
Event: 2367.150 GC heap after
{Heap after GC invocations=74 (full 0):
 garbage-first heap   total reserved 970752K, committed 270336K, used 135148K [0x00000000c4c00000, 0x0000000100000000)
  region size 1024K, 8 young (8192K), 8 survivors (8192K)
 Metaspace       used 84471K, committed 85248K, reserved 1179648K
  class space    used 8985K, committed 9408K, reserved 1048576K
}
Event: 2369.457 GC heap before
{Heap before GC invocations=75 (full 0):
 garbage-first heap   total reserved 970752K, committed 270336K, used 118764K [0x00000000c4c00000, 0x0000000100000000)
  region size 1024K, 20 young (20480K), 8 survivors (8192K)
 Metaspace       used 84479K, committed 85248K, reserved 1179648K
  class space    used 8985K, committed 9408K, reserved 1048576K
}
Event: 2369.521 GC heap after
{Heap after GC invocations=76 (full 0):
 garbage-first heap   total reserved 970752K, committed 270336K, used 115712K [0x00000000c4c00000, 0x0000000100000000)
  region size 1024K, 3 young (3072K), 3 survivors (3072K)
 Metaspace       used 84479K, committed 85248K, reserved 1179648K
  class space    used 8985K, committed 9408K, reserved 1048576K
}
Event: 2693.153 GC heap before
{Heap before GC invocations=76 (full 0):
 garbage-first heap   total reserved 970752K, committed 270336K, used 192512K [0x00000000c4c00000, 0x0000000100000000)
  region size 1024K, 79 young (80896K), 3 survivors (3072K)
 Metaspace       used 84524K, committed 85248K, reserved 1179648K
  class space    used 8985K, committed 9408K, reserved 1048576K
}
Event: 2693.265 GC heap after
{Heap after GC invocations=77 (full 0):
 garbage-first heap   total reserved 970752K, committed 270336K, used 112324K [0x00000000c4c00000, 0x0000000100000000)
  region size 1024K, 10 young (10240K), 10 survivors (10240K)
 Metaspace       used 84524K, committed 85248K, reserved 1179648K
  class space    used 8985K, committed 9408K, reserved 1048576K
}
Event: 2694.104 GC heap before
{Heap before GC invocations=77 (full 0):
 garbage-first heap   total reserved 970752K, committed 270336K, used 132804K [0x00000000c4c00000, 0x0000000100000000)
  region size 1024K, 31 young (31744K), 10 survivors (10240K)
 Metaspace       used 84529K, committed 85248K, reserved 1179648K
  class space    used 8985K, committed 9408K, reserved 1048576K
}
Event: 2694.154 GC heap after
{Heap after GC invocations=78 (full 0):
 garbage-first heap   total reserved 970752K, committed 270336K, used 121469K [0x00000000c4c00000, 0x0000000100000000)
  region size 1024K, 4 young (4096K), 4 survivors (4096K)
 Metaspace       used 84529K, committed 85248K, reserved 1179648K
  class space    used 8985K, committed 9408K, reserved 1048576K
}
Event: 3114.895 GC heap before
{Heap before GC invocations=79 (full 0):
 garbage-first heap   total reserved 970752K, committed 270336K, used 158333K [0x00000000c4c00000, 0x0000000100000000)
  region size 1024K, 63 young (64512K), 4 survivors (4096K)
 Metaspace       used 84533K, committed 85248K, reserved 1179648K
  class space    used 8984K, committed 9408K, reserved 1048576K
}
Event: 3114.998 GC heap after
{Heap after GC invocations=80 (full 0):
 garbage-first heap   total reserved 970752K, committed 270336K, used 97419K [0x00000000c4c00000, 0x0000000100000000)
  region size 1024K, 4 young (4096K), 4 survivors (4096K)
 Metaspace       used 84533K, committed 85248K, reserved 1179648K
  class space    used 8984K, committed 9408K, reserved 1048576K
}

